<?xml version="1.0" encoding="UTF-8"?>
<testsuite xmlns:xsi="http://www.w3.org/2001/XMLSchema-instance" xsi:noNamespaceSchemaLocation="https://maven.apache.org/surefire/maven-surefire-plugin/xsd/surefire-test-report.xsd" name="Search with Posts" time="5.76" tests="14" errors="0" skipped="0" failures="0">
  <properties>
[...]
</properties>
  <testcase name="EMPTY_NAME" classname="Search with Posts" time="2.804"/>
  <testcase name="EMPTY_NAME" classname="Search with Posts" time="0.128"/>
  <testcase name="EMPTY_NAME" classname="Search with Posts" time="0.113"/>
  <testcase name="EMPTY_NAME" classname="Search with Posts" time="0.112"/>
  <testcase name="EMPTY_NAME" classname="Search with Posts" time="0.312"/>
  <testcase name="EMPTY_NAME" classname="Search with Posts" time="0.152"/>
  <testcase name="EMPTY_NAME" classname="Search with Posts" time="0.131"/>
  <testcase name="EMPTY_NAME" classname="Search with Posts" time="0.061"/>
  <testcase name="Verify Specific idNumber" classname="Search with Posts" time="0.125"/>
  <testcase name="Verify Specific idNumber" classname="Search with Posts" time="0.053"/>
  <testcase name="Verify Specific idNumber" classname="Search with Posts" time="0.068"/>
  <testcase name="Verify Specific idNumber" classname="Search with Posts" time="0.191"/>
  <testcase name="Verify Specific idNumber" classname="Search with Posts" time="0.099"/>
  <testcase name="Verify Specific idNumber" classname="Search with Posts" time="0.065"/>
</testsuite>